

Framework Information:
MOOSE Version:           git commit fcafd43481 on 2021-04-09
LibMesh Version:         
PETSc Version:           3.14.2
SLEPc Version:           3.14.0
Current Time:            Sat May 22 16:13:11 2021
Executable Timestamp:    Sun May 16 21:23:26 2021

Parallelism:
  Num Processors:          10
  Num Threads:             1

Mesh: 
  Parallel Type:           replicated
  Mesh Dimension:          2
  Spatial Dimension:       2
  Nodes:                   
    Total:                 533
    Local:                 66
  Elems:                   
    Total:                 480
    Local:                 49
  Num Subdomains:          1
  Num Partitions:          10
  Partitioner:             metis

Nonlinear System:
  Num DOFs:                2132
  Num Local DOFs:          264
  Variables:               { "gr0" "gr1" "disp_x" "disp_y" } 
  Finite Element Types:    "LAGRANGE" 
  Approximation Orders:    "FIRST" 

Auxiliary System:
  Num DOFs:                4373
  Num Local DOFs:          458
  Variables:               "bnds" { "elastic_strain11" "elastic_strain22" "elastic_strain12" "unique_grains" 
                             "var_indices" "C1111" "active_bounds_elemental" "euler_angle" } 
  Finite Element Types:    "LAGRANGE" "MONOMIAL" 
  Approximation Orders:    "FIRST" "CONSTANT" 

Execution Information:
  Executioner:             Transient
  TimeStepper:             ConstantDT
  Solver Mode:             Preconditioned JFNK
  MOOSE Preconditioner:    SMP

Mesh unchanged, skipping remaining steps...
Finished inside of GrainTracker


Time Step 0, time = 0

Postprocessor Values:
+----------------+----------------+----------------+
| time           | dt             | gr0_area       |
+----------------+----------------+----------------+
|   0.000000e+00 |   0.000000e+00 |   0.000000e+00 |
+----------------+----------------+----------------+


Time Step 1, time = 5, dt = 5

Grain Tracker Status:
Grains active index 0: 1 -> 1
Grains active index 1: 0 -> 0

Finished inside of GrainTracker

 0 Nonlinear |R| = [32m1.795911e+04[39m
      0 Linear |R| = [32m1.795911e+04[39m
      1 Linear |R| = [32m9.829137e+02[39m
      2 Linear |R| = [32m1.065554e+02[39m
      3 Linear |R| = [32m1.189131e+01[39m
      4 Linear |R| = [32m2.952482e+00[39m
      5 Linear |R| = [32m5.878498e-01[39m
 1 Nonlinear |R| = [32m5.878513e-01[39m
      0 Linear |R| = [32m5.878513e-01[39m
      1 Linear |R| = [32m1.588986e-01[39m
      2 Linear |R| = [32m3.678103e-02[39m
      3 Linear |R| = [32m6.635124e-03[39m
      4 Linear |R| = [32m8.394797e-04[39m
      5 Linear |R| = [32m7.902716e-05[39m
      6 Linear |R| = [32m7.288024e-06[39m
 2 Nonlinear |R| = [32m7.287129e-06[39m
[32m Solve Converged![39m

Outlier Variable Residual Norms:
  disp_y: [33m5.217411e-06[39m

Postprocessor Values:
+----------------+----------------+----------------+
| time           | dt             | gr0_area       |
+----------------+----------------+----------------+
|   0.000000e+00 |   0.000000e+00 |   0.000000e+00 |
|   5.000000e+00 |   5.000000e+00 |   5.625000e+01 |
+----------------+----------------+----------------+


Time Step 2, time = 10, dt = 5

Grain Tracker Status:
Grains active index 0: 1 -> 1
Grains active index 1: 0 -> 0

Finished inside of GrainTracker

 0 Nonlinear |R| = [32m7.435553e-06[39m
      0 Linear |R| = [32m7.435553e-06[39m
      1 Linear |R| = [32m1.402901e-06[39m
      2 Linear |R| = [32m1.911558e-07[39m
      3 Linear |R| = [32m2.872974e-08[39m
      4 Linear |R| = [32m6.531466e-09[39m
      5 Linear |R| = [32m1.459046e-09[39m
      6 Linear |R| = [32m1.983143e-10[39m
 1 Nonlinear |R| = [32m2.017847e-10[39m
      0 Linear |R| = [32m2.017847e-10[39m
      1 Linear |R| = [32m3.332501e-11[39m
      2 Linear |R| = [32m6.819521e-12[39m
      3 Linear |R| = [32m1.444224e-12[39m
      4 Linear |R| = [32m2.897874e-13[39m
      5 Linear |R| = [32m3.968859e-14[39m
      6 Linear |R| = [32m4.259991e-15[39m
 2 Nonlinear |R| = [32m2.914721e-11[39m
      0 Linear |R| = [32m2.914721e-11[39m
      1 Linear |R| = [32m4.042619e-13[39m
      2 Linear |R| = [32m2.749657e-14[39m
      3 Linear |R| = [32m4.463295e-15[39m
      4 Linear |R| = [32m5.197440e-16[39m
 3 Nonlinear |R| = [32m2.469754e-11[39m
      0 Linear |R| = [32m2.469754e-11[39m
      1 Linear |R| = [32m3.440640e-13[39m
      2 Linear |R| = [32m2.330340e-14[39m
      3 Linear |R| = [32m3.495085e-15[39m
      4 Linear |R| = [32m7.302738e-16[39m
 4 Nonlinear |R| = [33m2.457854e-11[39m
      0 Linear |R| = [32m2.457854e-11[39m
      1 Linear |R| = [32m3.392061e-13[39m
      2 Linear |R| = [32m2.245394e-14[39m
      3 Linear |R| = [32m3.214295e-15[39m
      4 Linear |R| = [32m4.131399e-16[39m
 5 Nonlinear |R| = [32m2.235697e-11[39m
      0 Linear |R| = [32m2.235697e-11[39m
      1 Linear |R| = [32m3.133338e-13[39m
      2 Linear |R| = [32m2.491170e-14[39m
      3 Linear |R| = [32m6.106802e-15[39m
      4 Linear |R| = [32m1.275028e-15[39m
 6 Nonlinear |R| = [32m2.033396e-11[39m
      0 Linear |R| = [32m2.033396e-11[39m
      1 Linear |R| = [32m3.424754e-13[39m
      2 Linear |R| = [32m2.418476e-14[39m
      3 Linear |R| = [32m5.810823e-15[39m
      4 Linear |R| = [32m1.092832e-15[39m
 7 Nonlinear |R| = [33m2.033161e-11[39m
      0 Linear |R| = [32m2.033161e-11[39m
      1 Linear |R| = [32m3.430580e-13[39m
      2 Linear |R| = [32m2.061121e-14[39m
      3 Linear |R| = [32m4.155303e-15[39m
      4 Linear |R| = [32m7.354396e-16[39m
 8 Nonlinear |R| = [33m2.033107e-11[39m
      0 Linear |R| = [32m2.033107e-11[39m
      1 Linear |R| = [32m3.420239e-13[39m
      2 Linear |R| = [32m2.087152e-14[39m
      3 Linear |R| = [32m4.638619e-15[39m
      4 Linear |R| = [32m9.345700e-16[39m
 9 Nonlinear |R| = [33m2.033063e-11[39m
      0 Linear |R| = [32m2.033063e-11[39m
      1 Linear |R| = [32m3.422717e-13[39m
      2 Linear |R| = [32m2.082149e-14[39m
      3 Linear |R| = [32m4.606061e-15[39m
      4 Linear |R| = [32m9.488827e-16[39m
10 Nonlinear |R| = [33m2.033040e-11[39m
      0 Linear |R| = [32m2.033040e-11[39m
      1 Linear |R| = [32m3.422684e-13[39m
      2 Linear |R| = [32m2.070036e-14[39m
      3 Linear |R| = [32m4.519060e-15[39m
      4 Linear |R| = [32m9.260929e-16[39m
Nonlinear solve did not converge due to DIVERGED_LINE_SEARCH iterations 10
[31m Solve Did NOT Converge![39m
Aborting as solve did not converge

Time Step 2, time = 7.5, dt = 2.5

Grain Tracker Status:
Grains active index 0: 1 -> 1
Grains active index 1: 0 -> 0

Finished inside of GrainTracker

 0 Nonlinear |R| = [32m7.435553e-06[39m
      0 Linear |R| = [32m7.435553e-06[39m
      1 Linear |R| = [32m1.402901e-06[39m
      2 Linear |R| = [32m1.911558e-07[39m
      3 Linear |R| = [32m2.872974e-08[39m
      4 Linear |R| = [32m6.531466e-09[39m
      5 Linear |R| = [32m1.459046e-09[39m
      6 Linear |R| = [32m1.983144e-10[39m
 1 Nonlinear |R| = [32m2.017853e-10[39m
      0 Linear |R| = [32m2.017853e-10[39m
      1 Linear |R| = [32m3.332536e-11[39m
      2 Linear |R| = [32m6.819220e-12[39m
      3 Linear |R| = [32m1.444192e-12[39m
      4 Linear |R| = [32m2.897909e-13[39m
      5 Linear |R| = [32m3.969066e-14[39m
      6 Linear |R| = [32m4.259847e-15[39m
 2 Nonlinear |R| = [32m2.913645e-11[39m
      0 Linear |R| = [32m2.913645e-11[39m
      1 Linear |R| = [32m4.062401e-13[39m
      2 Linear |R| = [32m2.892360e-14[39m
      3 Linear |R| = [32m4.779196e-15[39m
      4 Linear |R| = [32m5.526230e-16[39m
 3 Nonlinear |R| = [32m2.470245e-11[39m
      0 Linear |R| = [32m2.470245e-11[39m
      1 Linear |R| = [32m3.499343e-13[39m
      2 Linear |R| = [32m2.508666e-14[39m
      3 Linear |R| = [32m5.445205e-15[39m
      4 Linear |R| = [32m1.196154e-15[39m
 4 Nonlinear |R| = [33m2.414791e-11[39m
      0 Linear |R| = [32m2.414791e-11[39m
      1 Linear |R| = [32m3.944466e-13[39m
      2 Linear |R| = [32m3.155051e-14[39m
      3 Linear |R| = [32m4.904581e-15[39m
      4 Linear |R| = [32m5.586784e-16[39m
 5 Nonlinear |R| = [33m2.410815e-11[39m
      0 Linear |R| = [32m2.410815e-11[39m
      1 Linear |R| = [32m3.867118e-13[39m
      2 Linear |R| = [32m2.891237e-14[39m
      3 Linear |R| = [32m4.811639e-15[39m
      4 Linear |R| = [32m6.488777e-16[39m
 6 Nonlinear |R| = [33m2.408821e-11[39m
      0 Linear |R| = [32m2.408821e-11[39m
      1 Linear |R| = [32m4.159296e-13[39m
      2 Linear |R| = [32m2.101477e-14[39m
      3 Linear |R| = [32m3.262811e-15[39m
      4 Linear |R| = [32m7.063407e-16[39m
 7 Nonlinear |R| = [32m2.283416e-11[39m
      0 Linear |R| = [32m2.283416e-11[39m
      1 Linear |R| = [32m3.782239e-13[39m
      2 Linear |R| = [32m2.193327e-14[39m
      3 Linear |R| = [32m3.013605e-15[39m
      4 Linear |R| = [32m4.128381e-16[39m
 8 Nonlinear |R| = [32m2.057898e-11[39m
      0 Linear |R| = [32m2.057898e-11[39m
      1 Linear |R| = [32m3.686272e-13[39m
      2 Linear |R| = [32m2.692237e-14[39m
      3 Linear |R| = [32m5.007060e-15[39m
      4 Linear |R| = [32m6.099389e-16[39m
 9 Nonlinear |R| = [32m1.871859e-11[39m
      0 Linear |R| = [32m1.871859e-11[39m
      1 Linear |R| = [32m3.875884e-13[39m
      2 Linear |R| = [32m2.286821e-14[39m
      3 Linear |R| = [32m5.668591e-15[39m
      4 Linear |R| = [32m9.921346e-16[39m
10 Nonlinear |R| = [33m1.822946e-11[39m
      0 Linear |R| = [32m1.822946e-11[39m
      1 Linear |R| = [32m3.964637e-13[39m
      2 Linear |R| = [32m2.600352e-14[39m
      3 Linear |R| = [32m6.883971e-15[39m
      4 Linear |R| = [32m1.185344e-15[39m
11 Nonlinear |R| = [33m1.746849e-11[39m
      0 Linear |R| = [32m1.746849e-11[39m
      1 Linear |R| = [32m3.894933e-13[39m
      2 Linear |R| = [32m2.314545e-14[39m
      3 Linear |R| = [32m5.476138e-15[39m
      4 Linear |R| = [32m1.051761e-15[39m
12 Nonlinear |R| = [33m1.744989e-11[39m
      0 Linear |R| = [32m1.744989e-11[39m
      1 Linear |R| = [32m3.900908e-13[39m
      2 Linear |R| = [32m1.961135e-14[39m
      3 Linear |R| = [32m2.531239e-15[39m
      4 Linear |R| = [32m4.786199e-16[39m
13 Nonlinear |R| = [33m1.744947e-11[39m
      0 Linear |R| = [32m1.744947e-11[39m
      1 Linear |R| = [32m3.904778e-13[39m
      2 Linear |R| = [32m2.301679e-14[39m
      3 Linear |R| = [32m5.044077e-15[39m
      4 Linear |R| = [32m9.484522e-16[39m
14 Nonlinear |R| = [33m1.744915e-11[39m
      0 Linear |R| = [32m1.744915e-11[39m
      1 Linear |R| = [32m3.877692e-13[39m
      2 Linear |R| = [32m2.260527e-14[39m
      3 Linear |R| = [32m6.226770e-15[39m
      4 Linear |R| = [32m9.073570e-16[39m
15 Nonlinear |R| = [33m1.744536e-11[39m
      0 Linear |R| = [32m1.744536e-11[39m
      1 Linear |R| = [32m3.875069e-13[39m
      2 Linear |R| = [32m2.180835e-14[39m
      3 Linear |R| = [32m5.944774e-15[39m
      4 Linear |R| = [32m8.659987e-16[39m
16 Nonlinear |R| = [33m1.744509e-11[39m
      0 Linear |R| = [32m1.744509e-11[39m
      1 Linear |R| = [32m3.874760e-13[39m
      2 Linear |R| = [32m2.161045e-14[39m
      3 Linear |R| = [32m5.819275e-15[39m
      4 Linear |R| = [32m8.619021e-16[39m
Nonlinear solve did not converge due to DIVERGED_LINE_SEARCH iterations 16
[31m Solve Did NOT Converge![39m
Aborting as solve did not converge

Time Step 2, time = 6.25, dt = 1.25

Grain Tracker Status:
Grains active index 0: 1 -> 1
Grains active index 1: 0 -> 0

Finished inside of GrainTracker

 0 Nonlinear |R| = [32m7.435553e-06[39m
      0 Linear |R| = [32m7.435553e-06[39m
      1 Linear |R| = [32m1.402901e-06[39m
      2 Linear |R| = [32m1.911558e-07[39m
      3 Linear |R| = [32m2.872974e-08[39m
      4 Linear |R| = [32m6.531466e-09[39m
      5 Linear |R| = [32m1.459046e-09[39m
      6 Linear |R| = [32m1.983143e-10[39m
 1 Nonlinear |R| = [32m2.017834e-10[39m
      0 Linear |R| = [32m2.017834e-10[39m
      1 Linear |R| = [32m3.332512e-11[39m
      2 Linear |R| = [32m6.819061e-12[39m
      3 Linear |R| = [32m1.444172e-12[39m
      4 Linear |R| = [32m2.897874e-13[39m
      5 Linear |R| = [32m3.969047e-14[39m
      6 Linear |R| = [32m4.259818e-15[39m
 2 Nonlinear |R| = [32m2.913471e-11[39m
      0 Linear |R| = [32m2.913471e-11[39m
      1 Linear |R| = [32m4.062977e-13[39m
[mpiexec@xia-virtual-machine] Sending Ctrl-C to processes as requested
[mpiexec@xia-virtual-machine] Press Ctrl-C again to force abort
